<?xml version="1.0" encoding="UTF-8"?>
<!-- Generated by org.testng.reporters.JUnitXMLReporter -->
<testsuite ignored="0" hostname="DESKTOP-552MCU4" failures="0" tests="2" name="Complete test run" time="10.219" errors="0" timestamp="2020-12-28T16:09:50 EST">
  <testcase classname="io.cucumber.testng.AbstractTestNGCucumberTests" name="runScenario" time="5.255"/>
  <testcase classname="io.cucumber.testng.AbstractTestNGCucumberTests" name="runScenario" time="4.523"/>
</testsuite> <!-- Complete test run -->
